2024-08-28 00:51:12 [background-preinit] INFO  o.h.validator.internal.util.Version - HV000001: Hibernate Validator 8.0.1.Final
2024-08-28 00:51:12 [restartedMain] INFO  com.techlabs.app.Application - Starting Application using Java 21.0.2 with PID 15420 (C:\Users\ACER\Documents\MonoJava\Spring\Spring-Core\Bank-Application\target\classes started by ACER in C:\Users\ACER\Documents\MonoJava\Spring\Spring-Core)
2024-08-28 00:51:12 [restartedMain] INFO  com.techlabs.app.Application - No active profile set, falling back to 1 default profile: "default"
2024-08-28 00:51:12 [restartedMain] INFO  o.s.b.d.e.DevToolsPropertyDefaultsPostProcessor - Devtools property defaults active! Set 'spring.devtools.add-properties' to 'false' to disable
2024-08-28 00:51:12 [restartedMain] INFO  o.s.b.d.e.DevToolsPropertyDefaultsPostProcessor - For additional web related logging consider setting the 'logging.level.web' property to 'DEBUG'
2024-08-28 00:51:14 [restartedMain] INFO  o.s.d.r.c.RepositoryConfigurationDelegate - Bootstrapping Spring Data JPA repositories in DEFAULT mode.
2024-08-28 00:51:14 [restartedMain] INFO  o.s.d.r.c.RepositoryConfigurationDelegate - Finished Spring Data repository scanning in 166 ms. Found 8 JPA repository interfaces.
2024-08-28 00:51:16 [restartedMain] INFO  o.s.b.w.e.tomcat.TomcatWebServer - Tomcat initialized with port 8080 (http)
2024-08-28 00:51:16 [restartedMain] INFO  o.a.coyote.http11.Http11NioProtocol - Initializing ProtocolHandler ["http-nio-8080"]
2024-08-28 00:51:16 [restartedMain] INFO  o.a.catalina.core.StandardService - Starting service [Tomcat]
2024-08-28 00:51:16 [restartedMain] INFO  o.a.catalina.core.StandardEngine - Starting Servlet engine: [Apache Tomcat/10.1.26]
2024-08-28 00:51:16 [restartedMain] INFO  o.a.c.c.C.[Tomcat].[localhost].[/] - Initializing Spring embedded WebApplicationContext
2024-08-28 00:51:16 [restartedMain] INFO  o.s.b.w.s.c.ServletWebServerApplicationContext - Root WebApplicationContext: initialization completed in 4019 ms
2024-08-28 00:51:17 [restartedMain] INFO  o.h.jpa.internal.util.LogHelper - HHH000204: Processing PersistenceUnitInfo [name: default]
2024-08-28 00:51:17 [restartedMain] INFO  org.hibernate.Version - HHH000412: Hibernate ORM core version 6.5.2.Final
2024-08-28 00:51:17 [restartedMain] INFO  o.h.c.i.RegionFactoryInitiator - HHH000026: Second-level cache disabled
2024-08-28 00:51:18 [restartedMain] INFO  o.s.o.j.p.SpringPersistenceUnitInfo - No LoadTimeWeaver setup: ignoring JPA class transformer
2024-08-28 00:51:18 [restartedMain] INFO  com.zaxxer.hikari.HikariDataSource - HikariPool-1 - Starting...
2024-08-28 00:51:18 [restartedMain] INFO  com.zaxxer.hikari.pool.HikariPool - HikariPool-1 - Added connection com.mysql.cj.jdbc.ConnectionImpl@22b15bcc
2024-08-28 00:51:18 [restartedMain] INFO  com.zaxxer.hikari.HikariDataSource - HikariPool-1 - Start completed.
2024-08-28 00:51:20 [restartedMain] INFO  o.h.e.t.j.p.i.JtaPlatformInitiator - HHH000489: No JTA platform available (set 'hibernate.transaction.jta.platform' to enable JTA platform integration)
2024-08-28 00:51:20 [restartedMain] INFO  o.s.o.j.LocalContainerEntityManagerFactoryBean - Initialized JPA EntityManagerFactory for persistence unit 'default'
2024-08-28 00:51:21 [restartedMain] INFO  o.s.d.j.r.query.QueryEnhancerFactory - Hibernate is in classpath; If applicable, HQL parser will be used.
2024-08-28 00:51:23 [restartedMain] INFO  o.s.s.c.a.a.c.InitializeUserDetailsBeanManagerConfigurer$InitializeUserDetailsManagerConfigurer - Global AuthenticationManager configured with UserDetailsService bean with name customUserDetailsService
2024-08-28 00:51:23 [restartedMain] WARN  o.s.b.a.o.j.JpaBaseConfiguration$JpaWebConfiguration - spring.jpa.open-in-view is enabled by default. Therefore, database queries may be performed during view rendering. Explicitly configure spring.jpa.open-in-view to disable this warning
2024-08-28 00:51:25 [restartedMain] INFO  o.s.b.d.a.OptionalLiveReloadServer - LiveReload server is running on port 35729
2024-08-28 00:51:25 [restartedMain] INFO  o.a.coyote.http11.Http11NioProtocol - Starting ProtocolHandler ["http-nio-8080"]
2024-08-28 00:51:25 [restartedMain] INFO  o.s.b.w.e.tomcat.TomcatWebServer - Tomcat started on port 8080 (http) with context path '/'
2024-08-28 00:51:25 [restartedMain] INFO  com.techlabs.app.Application - Started Application in 13.481 seconds (process running for 14.709)
2024-08-28 02:29:29 [http-nio-8080-exec-1] INFO  o.a.c.c.C.[Tomcat].[localhost].[/] - Initializing Spring DispatcherServlet 'dispatcherServlet'
2024-08-28 02:29:29 [http-nio-8080-exec-1] INFO  o.s.web.servlet.DispatcherServlet - Initializing Servlet 'dispatcherServlet'
2024-08-28 02:29:29 [http-nio-8080-exec-1] INFO  o.s.web.servlet.DispatcherServlet - Completed initialization in 60 ms
2024-08-28 02:29:30 [http-nio-8080-exec-2] INFO  c.t.app.controller.AuthController - User login with username: shankar@29
2024-08-28 02:29:30 [http-nio-8080-exec-2] INFO  c.t.app.service.AuthServiceImpl - Attempting login for username: shankar@29
2024-08-28 02:29:31 [http-nio-8080-exec-2] INFO  c.t.app.service.AuthServiceImpl - Login successful for username: shankar@29
2024-08-28 02:29:48 [http-nio-8080-exec-5] INFO  c.t.a.controller.CustomerController - Fetching all active customers with no accounts
2024-08-28 02:29:48 [http-nio-8080-exec-5] INFO  c.t.app.service.CustomerServiceImpl - Fetching all active customers with no accounts
2024-08-28 02:29:53 [http-nio-8080-exec-9] INFO  c.t.a.controller.CustomerController - Fetching customer with ID: 28
2024-08-28 02:29:53 [http-nio-8080-exec-9] INFO  c.t.app.service.CustomerServiceImpl - Fetching customer with ID: 28
2024-08-28 02:29:53 [http-nio-8080-exec-2] INFO  c.t.a.controller.CustomerController - Fetching customer with ID: 28
2024-08-28 02:29:53 [http-nio-8080-exec-2] INFO  c.t.app.service.CustomerServiceImpl - Fetching customer with ID: 28
2024-08-28 02:32:24 [SpringApplicationShutdownHook] INFO  o.s.o.j.LocalContainerEntityManagerFactoryBean - Closing JPA EntityManagerFactory for persistence unit 'default'
2024-08-28 02:32:24 [SpringApplicationShutdownHook] INFO  com.zaxxer.hikari.HikariDataSource - HikariPool-1 - Shutdown initiated...
2024-08-28 02:32:24 [SpringApplicationShutdownHook] INFO  com.zaxxer.hikari.HikariDataSource - HikariPool-1 - Shutdown completed.
2024-08-28 12:15:53 [background-preinit] INFO  o.h.validator.internal.util.Version - HV000001: Hibernate Validator 8.0.1.Final
2024-08-28 12:15:54 [restartedMain] INFO  com.techlabs.app.Application - Starting Application using Java 21.0.2 with PID 9536 (C:\Users\ACER\Documents\MonoJava\Spring\Spring-Core\Bank-Application\target\classes started by ACER in C:\Users\ACER\Documents\MonoJava\Spring\Spring-Core)
2024-08-28 12:15:54 [restartedMain] INFO  com.techlabs.app.Application - No active profile set, falling back to 1 default profile: "default"
2024-08-28 12:15:54 [restartedMain] INFO  o.s.b.d.e.DevToolsPropertyDefaultsPostProcessor - Devtools property defaults active! Set 'spring.devtools.add-properties' to 'false' to disable
2024-08-28 12:15:54 [restartedMain] INFO  o.s.b.d.e.DevToolsPropertyDefaultsPostProcessor - For additional web related logging consider setting the 'logging.level.web' property to 'DEBUG'
2024-08-28 12:15:56 [restartedMain] INFO  o.s.d.r.c.RepositoryConfigurationDelegate - Bootstrapping Spring Data JPA repositories in DEFAULT mode.
2024-08-28 12:15:56 [restartedMain] INFO  o.s.d.r.c.RepositoryConfigurationDelegate - Finished Spring Data repository scanning in 147 ms. Found 8 JPA repository interfaces.
2024-08-28 12:15:57 [restartedMain] INFO  o.s.b.w.e.tomcat.TomcatWebServer - Tomcat initialized with port 8080 (http)
2024-08-28 12:15:57 [restartedMain] INFO  o.a.coyote.http11.Http11NioProtocol - Initializing ProtocolHandler ["http-nio-8080"]
2024-08-28 12:15:57 [restartedMain] INFO  o.a.catalina.core.StandardService - Starting service [Tomcat]
2024-08-28 12:15:57 [restartedMain] INFO  o.a.catalina.core.StandardEngine - Starting Servlet engine: [Apache Tomcat/10.1.26]
2024-08-28 12:15:58 [restartedMain] INFO  o.a.c.c.C.[Tomcat].[localhost].[/] - Initializing Spring embedded WebApplicationContext
2024-08-28 12:15:58 [restartedMain] INFO  o.s.b.w.s.c.ServletWebServerApplicationContext - Root WebApplicationContext: initialization completed in 3842 ms
2024-08-28 12:15:58 [restartedMain] INFO  o.h.jpa.internal.util.LogHelper - HHH000204: Processing PersistenceUnitInfo [name: default]
2024-08-28 12:15:58 [restartedMain] INFO  org.hibernate.Version - HHH000412: Hibernate ORM core version 6.5.2.Final
2024-08-28 12:15:58 [restartedMain] INFO  o.h.c.i.RegionFactoryInitiator - HHH000026: Second-level cache disabled
2024-08-28 12:15:59 [restartedMain] INFO  o.s.o.j.p.SpringPersistenceUnitInfo - No LoadTimeWeaver setup: ignoring JPA class transformer
2024-08-28 12:15:59 [restartedMain] INFO  com.zaxxer.hikari.HikariDataSource - HikariPool-1 - Starting...
2024-08-28 12:15:59 [restartedMain] INFO  com.zaxxer.hikari.pool.HikariPool - HikariPool-1 - Added connection com.mysql.cj.jdbc.ConnectionImpl@41a23589
2024-08-28 12:15:59 [restartedMain] INFO  com.zaxxer.hikari.HikariDataSource - HikariPool-1 - Start completed.
2024-08-28 12:16:01 [restartedMain] INFO  o.h.e.t.j.p.i.JtaPlatformInitiator - HHH000489: No JTA platform available (set 'hibernate.transaction.jta.platform' to enable JTA platform integration)
2024-08-28 12:16:02 [restartedMain] INFO  o.s.o.j.LocalContainerEntityManagerFactoryBean - Initialized JPA EntityManagerFactory for persistence unit 'default'
2024-08-28 12:16:03 [restartedMain] INFO  o.s.d.j.r.query.QueryEnhancerFactory - Hibernate is in classpath; If applicable, HQL parser will be used.
2024-08-28 12:16:04 [restartedMain] INFO  o.s.s.c.a.a.c.InitializeUserDetailsBeanManagerConfigurer$InitializeUserDetailsManagerConfigurer - Global AuthenticationManager configured with UserDetailsService bean with name customUserDetailsService
2024-08-28 12:16:04 [restartedMain] WARN  o.s.b.a.o.j.JpaBaseConfiguration$JpaWebConfiguration - spring.jpa.open-in-view is enabled by default. Therefore, database queries may be performed during view rendering. Explicitly configure spring.jpa.open-in-view to disable this warning
2024-08-28 12:16:06 [restartedMain] INFO  o.s.b.d.a.OptionalLiveReloadServer - LiveReload server is running on port 35729
2024-08-28 12:16:06 [restartedMain] INFO  o.a.coyote.http11.Http11NioProtocol - Starting ProtocolHandler ["http-nio-8080"]
2024-08-28 12:16:06 [restartedMain] INFO  o.s.b.w.e.tomcat.TomcatWebServer - Tomcat started on port 8080 (http) with context path '/'
2024-08-28 12:16:06 [restartedMain] INFO  com.techlabs.app.Application - Started Application in 13.196 seconds (process running for 14.356)
2024-08-28 12:18:52 [http-nio-8080-exec-1] INFO  o.a.c.c.C.[Tomcat].[localhost].[/] - Initializing Spring DispatcherServlet 'dispatcherServlet'
2024-08-28 12:18:52 [http-nio-8080-exec-1] INFO  o.s.web.servlet.DispatcherServlet - Initializing Servlet 'dispatcherServlet'
2024-08-28 12:18:52 [http-nio-8080-exec-1] INFO  o.s.web.servlet.DispatcherServlet - Completed initialization in 65 ms
2024-08-28 12:18:52 [http-nio-8080-exec-2] INFO  c.t.app.controller.AuthController - User login with username: shankar@29
2024-08-28 12:18:52 [http-nio-8080-exec-2] INFO  c.t.app.service.AuthServiceImpl - Attempting login for username: shankar@29
2024-08-28 12:18:53 [http-nio-8080-exec-2] INFO  c.t.app.service.AuthServiceImpl - Login successful for username: shankar@29
2024-08-28 12:19:04 [http-nio-8080-exec-5] INFO  c.t.app.controller.BankController - Searching banks with criteria - bankId: null, fullName: , abbreviation: , active: null
2024-08-28 12:19:13 [http-nio-8080-exec-7] INFO  c.t.a.controller.CustomerController - Fetching all active customers with no accounts
2024-08-28 12:19:13 [http-nio-8080-exec-7] INFO  c.t.app.service.CustomerServiceImpl - Fetching all active customers with no accounts
2024-08-28 13:11:37 [http-nio-8080-exec-4] INFO  o.s.api.AbstractOpenApiResource - Init duration for springdoc-openapi is: 1264 ms
2024-08-28 13:13:25 [http-nio-8080-exec-8] INFO  c.t.app.controller.AuthController - User registration with role: ROLE_ADMIN
2024-08-28 13:13:25 [http-nio-8080-exec-8] INFO  c.t.app.service.AuthServiceImpl - Attempting registration for username: tarak@29 with role: ROLE_ADMIN
2024-08-28 13:13:26 [http-nio-8080-exec-8] INFO  c.t.app.service.AuthServiceImpl - Registration successful for Admin with username: tarak@29
2024-08-28 14:05:47 [http-nio-8080-exec-1] INFO  c.t.app.controller.AuthController - User login with username: shankar@29
2024-08-28 14:05:47 [http-nio-8080-exec-1] INFO  c.t.app.service.AuthServiceImpl - Attempting login for username: shankar@29
2024-08-28 14:05:48 [http-nio-8080-exec-1] INFO  c.t.app.service.AuthServiceImpl - Login successful for username: shankar@29
2024-08-28 14:05:56 [http-nio-8080-exec-5] INFO  c.t.app.controller.BankController - Searching banks with criteria - bankId: null, fullName: , abbreviation: , active: null
2024-08-28 14:34:45 [http-nio-8080-exec-5] INFO  c.t.app.controller.AuthController - User login with username: shankar@29
2024-08-28 14:34:45 [http-nio-8080-exec-5] INFO  c.t.app.service.AuthServiceImpl - Attempting login for username: shankar@29
2024-08-28 14:34:45 [http-nio-8080-exec-5] INFO  c.t.app.service.AuthServiceImpl - Login successful for username: shankar@29
2024-08-28 14:34:53 [http-nio-8080-exec-7] INFO  c.t.app.controller.BankController - Searching banks with criteria - bankId: null, fullName: , abbreviation: , active: null
2024-08-28 14:35:02 [http-nio-8080-exec-5] INFO  c.t.a.controller.CustomerController - Fetching all active customers with no accounts
2024-08-28 14:35:02 [http-nio-8080-exec-5] INFO  c.t.app.service.CustomerServiceImpl - Fetching all active customers with no accounts
2024-08-28 15:22:28 [http-nio-8080-exec-6] INFO  c.t.app.controller.AuthController - User login with username: shankar@29
2024-08-28 15:22:28 [http-nio-8080-exec-6] INFO  c.t.app.service.AuthServiceImpl - Attempting login for username: shankar@29
2024-08-28 15:22:28 [http-nio-8080-exec-6] INFO  c.t.app.service.AuthServiceImpl - Login successful for username: shankar@29
2024-08-28 15:22:40 [http-nio-8080-exec-7] INFO  c.t.a.controller.CustomerController - Fetching customer with ID: 3
2024-08-28 15:22:40 [http-nio-8080-exec-7] INFO  c.t.app.service.CustomerServiceImpl - Fetching customer with ID: 3
2024-08-28 15:22:41 [http-nio-8080-exec-10] INFO  c.t.a.controller.CustomerController - Fetching customer with ID: 3
2024-08-28 15:22:41 [http-nio-8080-exec-10] INFO  c.t.app.service.CustomerServiceImpl - Fetching customer with ID: 3
2024-08-28 15:35:23 [http-nio-8080-exec-3] INFO  c.t.app.controller.AuthController - User login with username: soumya@29
2024-08-28 15:35:23 [http-nio-8080-exec-3] INFO  c.t.app.service.AuthServiceImpl - Attempting login for username: soumya@29
2024-08-28 15:35:23 [http-nio-8080-exec-3] INFO  c.t.app.service.AuthServiceImpl - Login successful for username: soumya@29
2024-08-28 15:35:23 [http-nio-8080-exec-5] INFO  c.t.a.controller.CustomerController - Fetching customer with ID: 5
2024-08-28 15:35:23 [http-nio-8080-exec-5] INFO  c.t.app.service.CustomerServiceImpl - Fetching customer with ID: 5
2024-08-28 15:35:23 [http-nio-8080-exec-7] INFO  c.t.a.controller.CustomerController - Fetching customer with ID: 5
2024-08-28 15:35:23 [http-nio-8080-exec-7] INFO  c.t.app.service.CustomerServiceImpl - Fetching customer with ID: 5
2024-08-28 15:35:26 [http-nio-8080-exec-10] INFO  c.t.a.controller.CustomerController - Fetching customer with ID: 5
2024-08-28 15:35:26 [http-nio-8080-exec-10] INFO  c.t.app.service.CustomerServiceImpl - Fetching customer with ID: 5
2024-08-28 15:35:26 [http-nio-8080-exec-4] INFO  c.t.a.c.TransactionController - Fetching transactions for user soumya@29 with criteria: accountNumber=null, startDate=null, endDate=null, minAmount=null, maxAmount=null
2024-08-28 15:36:17 [http-nio-8080-exec-5] INFO  c.t.a.c.TransactionController - Fetching transactions for user soumya@29 with criteria: accountNumber=10, startDate=null, endDate=null, minAmount=null, maxAmount=null
2024-08-28 15:36:23 [http-nio-8080-exec-6] INFO  c.t.a.c.TransactionController - Fetching transactions for user soumya@29 with criteria: accountNumber=null, startDate=null, endDate=null, minAmount=null, maxAmount=null
2024-08-28 15:36:23 [http-nio-8080-exec-10] INFO  c.t.a.c.TransactionController - Fetching transactions for user soumya@29 with criteria: accountNumber=null, startDate=null, endDate=null, minAmount=null, maxAmount=null
2024-08-28 15:36:23 [http-nio-8080-exec-4] INFO  c.t.a.c.TransactionController - Fetching transactions for user soumya@29 with criteria: accountNumber=null, startDate=null, endDate=null, minAmount=null, maxAmount=null
2024-08-28 15:36:25 [http-nio-8080-exec-1] INFO  c.t.a.c.TransactionController - Fetching transactions for user soumya@29 with criteria: accountNumber=null, startDate=null, endDate=null, minAmount=null, maxAmount=null
2024-08-28 15:36:28 [http-nio-8080-exec-5] INFO  c.t.a.c.TransactionController - Fetching transactions for user soumya@29 with criteria: accountNumber=null, startDate=null, endDate=null, minAmount=null, maxAmount=null
2024-08-28 15:36:29 [http-nio-8080-exec-7] INFO  c.t.a.c.TransactionController - Fetching transactions for user soumya@29 with criteria: accountNumber=null, startDate=null, endDate=null, minAmount=null, maxAmount=null
2024-08-28 15:36:33 [http-nio-8080-exec-3] INFO  c.t.a.c.TransactionController - Fetching transactions for user soumya@29 with criteria: accountNumber=null, startDate=null, endDate=null, minAmount=null, maxAmount=null
2024-08-28 15:36:34 [http-nio-8080-exec-10] INFO  c.t.a.c.TransactionController - Fetching transactions for user soumya@29 with criteria: accountNumber=null, startDate=null, endDate=null, minAmount=null, maxAmount=null
2024-08-28 15:37:32 [http-nio-8080-exec-5] INFO  c.t.a.controller.CustomerController - Fetching customer with ID: 5
2024-08-28 15:37:32 [http-nio-8080-exec-5] INFO  c.t.app.service.CustomerServiceImpl - Fetching customer with ID: 5
2024-08-28 15:37:32 [http-nio-8080-exec-7] INFO  c.t.a.controller.CustomerController - Fetching customer with ID: 5
2024-08-28 15:37:32 [http-nio-8080-exec-7] INFO  c.t.app.service.CustomerServiceImpl - Fetching customer with ID: 5
2024-08-28 16:29:00 [http-nio-8080-exec-9] INFO  c.t.a.controller.CustomerController - Fetching customer with ID: 5
2024-08-28 16:29:00 [http-nio-8080-exec-9] INFO  c.t.app.service.CustomerServiceImpl - Fetching customer with ID: 5
2024-08-28 16:29:00 [http-nio-8080-exec-5] INFO  c.t.a.c.TransactionController - Fetching transactions for user soumya@29 with criteria: accountNumber=null, startDate=null, endDate=null, minAmount=null, maxAmount=null
2024-08-28 16:29:03 [http-nio-8080-exec-6] INFO  c.t.a.c.TransactionController - Fetching transactions for user soumya@29 with criteria: accountNumber=null, startDate=null, endDate=null, minAmount=null, maxAmount=null
2024-08-28 16:29:07 [http-nio-8080-exec-10] INFO  c.t.a.c.TransactionController - Fetching transactions for user soumya@29 with criteria: accountNumber=null, startDate=null, endDate=null, minAmount=null, maxAmount=null
2024-08-28 16:29:09 [http-nio-8080-exec-2] INFO  c.t.a.c.TransactionController - Fetching transactions for user soumya@29 with criteria: accountNumber=null, startDate=null, endDate=null, minAmount=null, maxAmount=null
2024-08-28 16:29:13 [http-nio-8080-exec-8] INFO  c.t.a.c.TransactionController - Fetching transactions for user soumya@29 with criteria: accountNumber=null, startDate=null, endDate=null, minAmount=null, maxAmount=null
2024-08-28 16:29:13 [http-nio-8080-exec-9] INFO  c.t.a.c.TransactionController - Fetching transactions for user soumya@29 with criteria: accountNumber=null, startDate=null, endDate=null, minAmount=null, maxAmount=null
2024-08-28 16:29:19 [http-nio-8080-exec-6] INFO  c.t.a.c.TransactionController - Fetching transactions for user soumya@29 with criteria: accountNumber=null, startDate=null, endDate=null, minAmount=null, maxAmount=null
2024-08-28 16:29:19 [http-nio-8080-exec-3] INFO  c.t.a.c.TransactionController - Fetching transactions for user soumya@29 with criteria: accountNumber=null, startDate=null, endDate=null, minAmount=null, maxAmount=null
2024-08-28 16:29:27 [http-nio-8080-exec-4] INFO  c.t.a.c.TransactionController - Fetching transactions for user soumya@29 with criteria: accountNumber=null, startDate=null, endDate=null, minAmount=null, maxAmount=null
2024-08-28 16:29:27 [http-nio-8080-exec-9] INFO  c.t.a.controller.CustomerController - Fetching customer with ID: 5
2024-08-28 16:29:27 [http-nio-8080-exec-9] INFO  c.t.app.service.CustomerServiceImpl - Fetching customer with ID: 5
2024-08-28 16:36:24 [http-nio-8080-exec-8] INFO  c.t.a.controller.CustomerController - Fetching customer with ID: 5
2024-08-28 16:36:24 [http-nio-8080-exec-8] INFO  c.t.app.service.CustomerServiceImpl - Fetching customer with ID: 5
2024-08-28 16:36:24 [http-nio-8080-exec-9] INFO  c.t.a.controller.CustomerController - Fetching customer with ID: 5
2024-08-28 16:36:24 [http-nio-8080-exec-9] INFO  c.t.app.service.CustomerServiceImpl - Fetching customer with ID: 5
2024-08-28 16:36:32 [http-nio-8080-exec-7] INFO  c.t.app.controller.AuthController - User login with username: shankar@29
2024-08-28 16:36:32 [http-nio-8080-exec-7] INFO  c.t.app.service.AuthServiceImpl - Attempting login for username: shankar@29
2024-08-28 16:36:32 [http-nio-8080-exec-7] INFO  c.t.app.service.AuthServiceImpl - Login successful for username: shankar@29
2024-08-28 16:45:42 [http-nio-8080-exec-10] INFO  c.t.a.controller.CustomerController - Fetching All The Customers
2024-08-28 16:45:42 [http-nio-8080-exec-10] INFO  c.t.app.service.CustomerServiceImpl - Fetching all customers
2024-08-28 16:45:42 [http-nio-8080-exec-3] INFO  c.t.a.controller.CustomerController - Fetching All The Customers
2024-08-28 16:45:42 [http-nio-8080-exec-3] INFO  c.t.app.service.CustomerServiceImpl - Fetching all customers
2024-08-28 16:46:09 [http-nio-8080-exec-6] ERROR c.t.a.e.GlobalExceptionHandler - No Customers Found
2024-08-28 16:46:09 [http-nio-8080-exec-6] WARN  o.s.w.s.m.m.a.ExceptionHandlerExceptionResolver - Resolved [com.techlabs.app.exception.CustomerRelatedException: No Customers Found]
2024-08-28 16:46:32 [http-nio-8080-exec-3] INFO  c.t.a.controller.CustomerController - Fetching All The Customers
2024-08-28 16:46:32 [http-nio-8080-exec-3] INFO  c.t.app.service.CustomerServiceImpl - Fetching all customers
2024-08-28 16:46:32 [http-nio-8080-exec-10] INFO  c.t.a.controller.CustomerController - Fetching All The Customers
2024-08-28 16:46:32 [http-nio-8080-exec-10] INFO  c.t.app.service.CustomerServiceImpl - Fetching all customers
2024-08-28 16:46:35 [http-nio-8080-exec-8] INFO  c.t.a.controller.CustomerController - Fetching All The Customers
2024-08-28 16:46:35 [http-nio-8080-exec-8] INFO  c.t.app.service.CustomerServiceImpl - Fetching all customers
2024-08-28 16:46:35 [http-nio-8080-exec-2] INFO  c.t.a.controller.CustomerController - Fetching All The Customers
2024-08-28 16:46:35 [http-nio-8080-exec-2] INFO  c.t.app.service.CustomerServiceImpl - Fetching all customers
2024-08-28 16:46:36 [http-nio-8080-exec-9] INFO  c.t.a.controller.CustomerController - Fetching All The Customers
2024-08-28 16:46:36 [http-nio-8080-exec-9] INFO  c.t.app.service.CustomerServiceImpl - Fetching all customers
2024-08-28 16:46:38 [http-nio-8080-exec-7] INFO  c.t.a.controller.CustomerController - Fetching All The Customers
2024-08-28 16:46:38 [http-nio-8080-exec-7] INFO  c.t.app.service.CustomerServiceImpl - Fetching all customers
2024-08-28 19:46:01 [HikariPool-1 housekeeper] WARN  com.zaxxer.hikari.pool.HikariPool - HikariPool-1 - Thread starvation or clock leap detected (housekeeper delta=2h12m56s953ms470µs400ns).
2024-08-28 20:40:52 [SpringApplicationShutdownHook] INFO  o.s.o.j.LocalContainerEntityManagerFactoryBean - Closing JPA EntityManagerFactory for persistence unit 'default'
2024-08-28 20:40:52 [SpringApplicationShutdownHook] INFO  com.zaxxer.hikari.HikariDataSource - HikariPool-1 - Shutdown initiated...
2024-08-28 20:40:52 [SpringApplicationShutdownHook] INFO  com.zaxxer.hikari.HikariDataSource - HikariPool-1 - Shutdown completed.
2024-08-28 20:41:03 [background-preinit] INFO  o.h.validator.internal.util.Version - HV000001: Hibernate Validator 8.0.1.Final
2024-08-28 20:41:03 [restartedMain] INFO  com.techlabs.app.Application - Starting Application using Java 21.0.2 with PID 15512 (C:\Users\ACER\Documents\MonoJava\Spring\Spring-Core\Bank-Application\target\classes started by ACER in C:\Users\ACER\Documents\MonoJava\Spring\Spring-Core)
2024-08-28 20:41:03 [restartedMain] INFO  com.techlabs.app.Application - No active profile set, falling back to 1 default profile: "default"
2024-08-28 20:41:03 [restartedMain] INFO  o.s.b.d.e.DevToolsPropertyDefaultsPostProcessor - Devtools property defaults active! Set 'spring.devtools.add-properties' to 'false' to disable
2024-08-28 20:41:03 [restartedMain] INFO  o.s.b.d.e.DevToolsPropertyDefaultsPostProcessor - For additional web related logging consider setting the 'logging.level.web' property to 'DEBUG'
2024-08-28 20:41:06 [restartedMain] INFO  o.s.d.r.c.RepositoryConfigurationDelegate - Bootstrapping Spring Data JPA repositories in DEFAULT mode.
2024-08-28 20:41:06 [restartedMain] INFO  o.s.d.r.c.RepositoryConfigurationDelegate - Finished Spring Data repository scanning in 197 ms. Found 8 JPA repository interfaces.
2024-08-28 20:41:07 [restartedMain] INFO  o.s.b.w.e.tomcat.TomcatWebServer - Tomcat initialized with port 8080 (http)
2024-08-28 20:41:08 [restartedMain] INFO  o.a.coyote.http11.Http11NioProtocol - Initializing ProtocolHandler ["http-nio-8080"]
2024-08-28 20:41:08 [restartedMain] INFO  o.a.catalina.core.StandardService - Starting service [Tomcat]
2024-08-28 20:41:08 [restartedMain] INFO  o.a.catalina.core.StandardEngine - Starting Servlet engine: [Apache Tomcat/10.1.26]
2024-08-28 20:41:08 [restartedMain] INFO  o.a.c.c.C.[Tomcat].[localhost].[/] - Initializing Spring embedded WebApplicationContext
2024-08-28 20:41:08 [restartedMain] INFO  o.s.b.w.s.c.ServletWebServerApplicationContext - Root WebApplicationContext: initialization completed in 4344 ms
2024-08-28 20:41:08 [restartedMain] INFO  o.h.jpa.internal.util.LogHelper - HHH000204: Processing PersistenceUnitInfo [name: default]
2024-08-28 20:41:08 [restartedMain] INFO  org.hibernate.Version - HHH000412: Hibernate ORM core version 6.5.2.Final
2024-08-28 20:41:08 [restartedMain] INFO  o.h.c.i.RegionFactoryInitiator - HHH000026: Second-level cache disabled
2024-08-28 20:41:09 [restartedMain] INFO  o.s.o.j.p.SpringPersistenceUnitInfo - No LoadTimeWeaver setup: ignoring JPA class transformer
2024-08-28 20:41:09 [restartedMain] INFO  com.zaxxer.hikari.HikariDataSource - HikariPool-1 - Starting...
2024-08-28 20:41:10 [restartedMain] INFO  com.zaxxer.hikari.pool.HikariPool - HikariPool-1 - Added connection com.mysql.cj.jdbc.ConnectionImpl@45ee9a26
2024-08-28 20:41:10 [restartedMain] INFO  com.zaxxer.hikari.HikariDataSource - HikariPool-1 - Start completed.
2024-08-28 20:41:13 [restartedMain] INFO  o.h.e.t.j.p.i.JtaPlatformInitiator - HHH000489: No JTA platform available (set 'hibernate.transaction.jta.platform' to enable JTA platform integration)
2024-08-28 20:41:13 [restartedMain] INFO  o.s.o.j.LocalContainerEntityManagerFactoryBean - Initialized JPA EntityManagerFactory for persistence unit 'default'
2024-08-28 20:41:14 [restartedMain] INFO  o.s.d.j.r.query.QueryEnhancerFactory - Hibernate is in classpath; If applicable, HQL parser will be used.
2024-08-28 20:41:15 [restartedMain] INFO  o.s.s.c.a.a.c.InitializeUserDetailsBeanManagerConfigurer$InitializeUserDetailsManagerConfigurer - Global AuthenticationManager configured with UserDetailsService bean with name customUserDetailsService
2024-08-28 20:41:16 [restartedMain] WARN  o.s.b.a.o.j.JpaBaseConfiguration$JpaWebConfiguration - spring.jpa.open-in-view is enabled by default. Therefore, database queries may be performed during view rendering. Explicitly configure spring.jpa.open-in-view to disable this warning
2024-08-28 20:41:17 [restartedMain] INFO  o.s.b.d.a.OptionalLiveReloadServer - LiveReload server is running on port 35729
2024-08-28 20:41:17 [restartedMain] INFO  o.a.coyote.http11.Http11NioProtocol - Starting ProtocolHandler ["http-nio-8080"]
2024-08-28 20:41:17 [restartedMain] INFO  o.s.b.w.e.tomcat.TomcatWebServer - Tomcat started on port 8080 (http) with context path '/'
2024-08-28 20:41:17 [restartedMain] INFO  com.techlabs.app.Application - Started Application in 14.95 seconds (process running for 16.164)
2024-08-28 20:58:42 [http-nio-8080-exec-1] INFO  o.a.c.c.C.[Tomcat].[localhost].[/] - Initializing Spring DispatcherServlet 'dispatcherServlet'
2024-08-28 20:58:42 [http-nio-8080-exec-1] INFO  o.s.web.servlet.DispatcherServlet - Initializing Servlet 'dispatcherServlet'
2024-08-28 20:58:42 [http-nio-8080-exec-1] INFO  o.s.web.servlet.DispatcherServlet - Completed initialization in 60 ms
2024-08-28 20:58:42 [http-nio-8080-exec-2] INFO  c.t.app.controller.AuthController - User login with username: shankar@29
2024-08-28 20:58:42 [http-nio-8080-exec-2] INFO  c.t.app.service.AuthServiceImpl - Attempting login for username: shankar@29
2024-08-28 20:58:43 [http-nio-8080-exec-2] INFO  c.t.app.service.AuthServiceImpl - Login successful for username: shankar@29
2024-08-28 21:00:06 [http-nio-8080-exec-8] INFO  c.t.app.controller.AuthController - User login with username: shankar@29
2024-08-28 21:00:06 [http-nio-8080-exec-8] INFO  c.t.app.service.AuthServiceImpl - Attempting login for username: shankar@29
2024-08-28 21:00:06 [http-nio-8080-exec-8] INFO  c.t.app.service.AuthServiceImpl - Login successful for username: shankar@29
2024-08-28 21:01:38 [http-nio-8080-exec-4] INFO  c.t.app.controller.AuthController - User login with username: shankar@29
2024-08-28 21:01:38 [http-nio-8080-exec-4] INFO  c.t.app.service.AuthServiceImpl - Attempting login for username: shankar@29
2024-08-28 21:01:38 [http-nio-8080-exec-4] INFO  c.t.app.service.AuthServiceImpl - Login successful for username: shankar@29
2024-08-28 21:11:45 [http-nio-8080-exec-10] INFO  c.t.app.controller.AuthController - User login with username: shankar@29
2024-08-28 21:11:45 [http-nio-8080-exec-10] INFO  c.t.app.service.AuthServiceImpl - Attempting login for username: shankar@29
2024-08-28 21:11:45 [http-nio-8080-exec-10] INFO  c.t.app.service.AuthServiceImpl - Login successful for username: shankar@29
2024-08-28 21:12:38 [http-nio-8080-exec-5] INFO  c.t.app.controller.AuthController - User login with username: shankar29
2024-08-28 21:12:38 [http-nio-8080-exec-5] INFO  c.t.app.service.AuthServiceImpl - Attempting login for username: shankar29
2024-08-28 21:12:38 [http-nio-8080-exec-5] ERROR c.t.a.e.GlobalExceptionHandler - User with username : shankar29 not found
2024-08-28 21:12:38 [http-nio-8080-exec-5] WARN  o.s.w.s.m.m.a.ExceptionHandlerExceptionResolver - Resolved [org.springframework.security.core.userdetails.UsernameNotFoundException: User with username : shankar29 not found]
2024-08-28 21:13:01 [http-nio-8080-exec-7] INFO  c.t.app.controller.AuthController - User login with username: shankar@
2024-08-28 21:13:01 [http-nio-8080-exec-7] INFO  c.t.app.service.AuthServiceImpl - Attempting login for username: shankar@
2024-08-28 21:13:01 [http-nio-8080-exec-7] ERROR c.t.a.e.GlobalExceptionHandler - User with username : shankar@ not found
2024-08-28 21:13:01 [http-nio-8080-exec-7] WARN  o.s.w.s.m.m.a.ExceptionHandlerExceptionResolver - Resolved [org.springframework.security.core.userdetails.UsernameNotFoundException: User with username : shankar@ not found]
2024-08-28 21:13:12 [http-nio-8080-exec-9] INFO  c.t.app.controller.AuthController - User login with username: shankar@29
2024-08-28 21:13:12 [http-nio-8080-exec-9] INFO  c.t.app.service.AuthServiceImpl - Attempting login for username: shankar@29
2024-08-28 21:13:13 [http-nio-8080-exec-9] INFO  c.t.app.service.AuthServiceImpl - Login successful for username: shankar@29
2024-08-28 21:17:09 [http-nio-8080-exec-5] INFO  c.t.app.controller.AuthController - User login with username: shankar@29
2024-08-28 21:17:09 [http-nio-8080-exec-5] INFO  c.t.app.service.AuthServiceImpl - Attempting login for username: shankar@29
2024-08-28 21:17:10 [http-nio-8080-exec-5] INFO  c.t.app.service.AuthServiceImpl - Login successful for username: shankar@29
2024-08-28 21:34:30 [http-nio-8080-exec-2] ERROR c.t.a.e.GlobalExceptionHandler - Failed to convert value of type 'java.lang.String' to required type 'long'; For input string: "undefined"
2024-08-28 21:34:30 [http-nio-8080-exec-2] WARN  o.s.w.s.m.m.a.ExceptionHandlerExceptionResolver - Resolved [org.springframework.web.method.annotation.MethodArgumentTypeMismatchException: Failed to convert value of type 'java.lang.String' to required type 'long'; For input string: "undefined"]
2024-08-28 21:46:02 [http-nio-8080-exec-6] INFO  c.t.app.controller.AccountController - Activating account with account number: 3
2024-08-28 21:46:02 [http-nio-8080-exec-6] INFO  c.t.app.service.AccountServiceImpl - Activating account with account number: 3
2024-08-28 21:46:08 [http-nio-8080-exec-6] INFO  c.t.app.service.AccountServiceImpl - Account with account number: 3 has been activated
2024-08-28 21:46:24 [http-nio-8080-exec-8] INFO  c.t.app.controller.AccountController - Deleting account with account number: 3
2024-08-28 21:46:24 [http-nio-8080-exec-8] INFO  c.t.app.service.AccountServiceImpl - Deleting account with account number: 3
2024-08-28 21:46:29 [http-nio-8080-exec-8] INFO  c.t.app.service.AccountServiceImpl - Account with account number: 3 has been deleted
2024-08-28 22:13:48 [http-nio-8080-exec-8] INFO  c.t.app.controller.AccountController - Deleting account with account number: 1
2024-08-28 22:13:48 [http-nio-8080-exec-8] INFO  c.t.app.service.AccountServiceImpl - Deleting account with account number: 1
2024-08-28 22:13:55 [http-nio-8080-exec-8] INFO  c.t.app.service.AccountServiceImpl - Account with account number: 1 has been deleted
2024-08-28 22:14:00 [http-nio-8080-exec-10] INFO  c.t.app.controller.AccountController - Activating account with account number: 1
2024-08-28 22:14:00 [http-nio-8080-exec-10] INFO  c.t.app.service.AccountServiceImpl - Activating account with account number: 1
2024-08-28 22:14:05 [http-nio-8080-exec-10] INFO  c.t.app.service.AccountServiceImpl - Account with account number: 1 has been activated
2024-08-28 22:19:23 [http-nio-8080-exec-6] INFO  c.t.app.controller.AccountController - Activating account with account number: 3
2024-08-28 22:19:23 [http-nio-8080-exec-6] INFO  c.t.app.service.AccountServiceImpl - Activating account with account number: 3
2024-08-28 22:19:28 [http-nio-8080-exec-6] INFO  c.t.app.service.AccountServiceImpl - Account with account number: 3 has been activated
2024-08-28 22:19:31 [http-nio-8080-exec-8] INFO  c.t.app.controller.AccountController - Deleting account with account number: 3
2024-08-28 22:19:31 [http-nio-8080-exec-8] INFO  c.t.app.service.AccountServiceImpl - Deleting account with account number: 3
2024-08-28 22:19:37 [http-nio-8080-exec-8] INFO  c.t.app.service.AccountServiceImpl - Account with account number: 3 has been deleted
2024-08-28 22:24:32 [http-nio-8080-exec-4] INFO  c.t.app.controller.AccountController - Fetching All The Accounts
2024-08-28 22:24:32 [http-nio-8080-exec-2] INFO  c.t.app.controller.AccountController - Fetching All The Accounts
2024-08-28 22:25:27 [http-nio-8080-exec-1] INFO  c.t.app.controller.AccountController - Fetching All The Accounts
2024-08-28 22:25:27 [http-nio-8080-exec-3] INFO  c.t.app.controller.AccountController - Fetching All The Accounts
2024-08-28 22:25:54 [http-nio-8080-exec-6] INFO  c.t.app.controller.AccountController - Fetching All The Accounts
2024-08-28 22:29:02 [http-nio-8080-exec-5] INFO  c.t.a.controller.CustomerController - Fetching customer with ID: 2
2024-08-28 22:29:02 [http-nio-8080-exec-5] INFO  c.t.app.service.CustomerServiceImpl - Fetching customer with ID: 2
2024-08-28 22:29:02 [http-nio-8080-exec-8] INFO  c.t.a.controller.CustomerController - Fetching customer with ID: 2
2024-08-28 22:29:02 [http-nio-8080-exec-8] INFO  c.t.app.service.CustomerServiceImpl - Fetching customer with ID: 2
2024-08-28 22:29:05 [http-nio-8080-exec-7] INFO  c.t.a.controller.CustomerController - Deleting customer with ID: 2
2024-08-28 22:29:05 [http-nio-8080-exec-7] INFO  c.t.app.service.CustomerServiceImpl - Deleting customer with ID: 2
2024-08-28 22:29:06 [http-nio-8080-exec-7] INFO  c.t.app.service.CustomerServiceImpl - Customer with ID: 2 deleted successfully
2024-08-28 22:29:07 [http-nio-8080-exec-9] INFO  c.t.a.controller.CustomerController - Activating customer
2024-08-28 22:29:07 [http-nio-8080-exec-9] INFO  c.t.app.service.CustomerServiceImpl - Activating customer with ID: 2
2024-08-28 22:29:08 [http-nio-8080-exec-9] INFO  c.t.app.service.CustomerServiceImpl - Customer with ID: 2 activated successfully
2024-08-28 22:29:35 [http-nio-8080-exec-6] INFO  c.t.a.controller.CustomerController - Fetching customer with ID: 5
2024-08-28 22:29:35 [http-nio-8080-exec-6] INFO  c.t.app.service.CustomerServiceImpl - Fetching customer with ID: 5
2024-08-28 22:29:35 [http-nio-8080-exec-10] INFO  c.t.a.controller.CustomerController - Fetching customer with ID: 5
2024-08-28 22:29:35 [http-nio-8080-exec-10] INFO  c.t.app.service.CustomerServiceImpl - Fetching customer with ID: 5
2024-08-28 22:29:42 [http-nio-8080-exec-1] INFO  c.t.a.controller.CustomerController - Updating customer details
2024-08-28 22:29:42 [http-nio-8080-exec-1] INFO  c.t.app.service.CustomerServiceImpl - Updating customer with ID: 5
2024-08-28 22:29:42 [http-nio-8080-exec-1] INFO  c.t.app.service.CustomerServiceImpl - Customer with ID: 5 updated successfully
2024-08-28 22:29:42 [http-nio-8080-exec-4] INFO  c.t.a.controller.CustomerController - Fetching customer with ID: 5
2024-08-28 22:29:42 [http-nio-8080-exec-4] INFO  c.t.app.service.CustomerServiceImpl - Fetching customer with ID: 5
2024-08-28 22:29:45 [http-nio-8080-exec-2] INFO  c.t.a.controller.CustomerController - Fetching customer with ID: 5
2024-08-28 22:29:45 [http-nio-8080-exec-2] INFO  c.t.app.service.CustomerServiceImpl - Fetching customer with ID: 5
2024-08-28 22:29:45 [http-nio-8080-exec-8] INFO  c.t.a.controller.CustomerController - Fetching customer with ID: 5
2024-08-28 22:29:45 [http-nio-8080-exec-8] INFO  c.t.app.service.CustomerServiceImpl - Fetching customer with ID: 5
2024-08-28 22:29:51 [http-nio-8080-exec-10] ERROR c.t.a.e.GlobalExceptionHandler - Validation failed for argument [0] in public org.springframework.http.ResponseEntity<com.techlabs.app.dto.CustomerResponseDTO> com.techlabs.app.controller.CustomerController.updateCustomer(com.techlabs.app.dto.CustomerRequestDTO) with 2 errors: [Field error in object 'customerRequestDTO' on field 'firstName': rejected value []; codes [NotBlank.customerRequestDTO.firstName,NotBlank.firstName,NotBlank.java.lang.String,NotBlank]; arguments [org.springframework.context.support.DefaultMessageSourceResolvable: codes [customerRequestDTO.firstName,firstName]; arguments []; default message [firstName]]; default message [must not be blank]] [Field error in object 'customerRequestDTO' on field 'lastName': rejected value []; codes [NotBlank.customerRequestDTO.lastName,NotBlank.lastName,NotBlank.java.lang.String,NotBlank]; arguments [org.springframework.context.support.DefaultMessageSourceResolvable: codes [customerRequestDTO.lastName,lastName]; arguments []; default message [lastName]]; default message [must not be blank]] 
2024-08-28 22:29:51 [http-nio-8080-exec-10] WARN  o.s.w.s.m.m.a.ExceptionHandlerExceptionResolver - Resolved [org.springframework.web.bind.MethodArgumentNotValidException: Validation failed for argument [0] in public org.springframework.http.ResponseEntity<com.techlabs.app.dto.CustomerResponseDTO> com.techlabs.app.controller.CustomerController.updateCustomer(com.techlabs.app.dto.CustomerRequestDTO) with 2 errors: [Field error in object 'customerRequestDTO' on field 'firstName': rejected value []; codes [NotBlank.customerRequestDTO.firstName,NotBlank.firstName,NotBlank.java.lang.String,NotBlank]; arguments [org.springframework.context.support.DefaultMessageSourceResolvable: codes [customerRequestDTO.firstName,firstName]; arguments []; default message [firstName]]; default message [must not be blank]] [Field error in object 'customerRequestDTO' on field 'lastName': rejected value []; codes [NotBlank.customerRequestDTO.lastName,NotBlank.lastName,NotBlank.java.lang.String,NotBlank]; arguments [org.springframework.context.support.DefaultMessageSourceResolvable: codes [customerRequestDTO.lastName,lastName]; arguments []; default message [lastName]]; default message [must not be blank]] ]
2024-08-28 22:29:51 [http-nio-8080-exec-1] INFO  c.t.a.controller.CustomerController - Fetching customer with ID: 5
2024-08-28 22:29:51 [http-nio-8080-exec-1] INFO  c.t.app.service.CustomerServiceImpl - Fetching customer with ID: 5
2024-08-28 22:29:52 [http-nio-8080-exec-2] INFO  c.t.a.controller.CustomerController - Fetching customer with ID: 5
2024-08-28 22:29:52 [http-nio-8080-exec-2] INFO  c.t.app.service.CustomerServiceImpl - Fetching customer with ID: 5
2024-08-28 22:29:57 [http-nio-8080-exec-6] INFO  c.t.a.controller.CustomerController - Fetching customer with ID: 5
2024-08-28 22:29:57 [http-nio-8080-exec-6] INFO  c.t.app.service.CustomerServiceImpl - Fetching customer with ID: 5
2024-08-28 22:29:57 [http-nio-8080-exec-10] INFO  c.t.a.controller.CustomerController - Fetching customer with ID: 5
2024-08-28 22:29:57 [http-nio-8080-exec-10] INFO  c.t.app.service.CustomerServiceImpl - Fetching customer with ID: 5
2024-08-28 22:30:12 [http-nio-8080-exec-1] ERROR c.t.a.e.GlobalExceptionHandler - Validation failed for argument [0] in public org.springframework.http.ResponseEntity<com.techlabs.app.dto.CustomerResponseDTO> com.techlabs.app.controller.CustomerController.updateCustomer(com.techlabs.app.dto.CustomerRequestDTO): [Field error in object 'customerRequestDTO' on field 'firstName': rejected value []; codes [NotBlank.customerRequestDTO.firstName,NotBlank.firstName,NotBlank.java.lang.String,NotBlank]; arguments [org.springframework.context.support.DefaultMessageSourceResolvable: codes [customerRequestDTO.firstName,firstName]; arguments []; default message [firstName]]; default message [must not be blank]] 
2024-08-28 22:30:12 [http-nio-8080-exec-1] WARN  o.s.w.s.m.m.a.ExceptionHandlerExceptionResolver - Resolved [org.springframework.web.bind.MethodArgumentNotValidException: Validation failed for argument [0] in public org.springframework.http.ResponseEntity<com.techlabs.app.dto.CustomerResponseDTO> com.techlabs.app.controller.CustomerController.updateCustomer(com.techlabs.app.dto.CustomerRequestDTO): [Field error in object 'customerRequestDTO' on field 'firstName': rejected value []; codes [NotBlank.customerRequestDTO.firstName,NotBlank.firstName,NotBlank.java.lang.String,NotBlank]; arguments [org.springframework.context.support.DefaultMessageSourceResolvable: codes [customerRequestDTO.firstName,firstName]; arguments []; default message [firstName]]; default message [must not be blank]] ]
2024-08-28 22:30:12 [http-nio-8080-exec-4] INFO  c.t.a.controller.CustomerController - Fetching customer with ID: 5
2024-08-28 22:30:12 [http-nio-8080-exec-4] INFO  c.t.app.service.CustomerServiceImpl - Fetching customer with ID: 5
2024-08-28 22:30:12 [http-nio-8080-exec-6] INFO  c.t.a.controller.CustomerController - Fetching customer with ID: 5
2024-08-28 22:30:12 [http-nio-8080-exec-6] INFO  c.t.app.service.CustomerServiceImpl - Fetching customer with ID: 5
2024-08-28 22:30:20 [http-nio-8080-exec-7] INFO  c.t.a.controller.CustomerController - Updating customer details
2024-08-28 22:30:20 [http-nio-8080-exec-7] INFO  c.t.app.service.CustomerServiceImpl - Updating customer with ID: 5
2024-08-28 22:30:20 [http-nio-8080-exec-7] INFO  c.t.app.service.CustomerServiceImpl - Customer with ID: 5 updated successfully
2024-08-28 22:30:20 [http-nio-8080-exec-9] INFO  c.t.a.controller.CustomerController - Fetching customer with ID: 5
2024-08-28 22:30:20 [http-nio-8080-exec-9] INFO  c.t.app.service.CustomerServiceImpl - Fetching customer with ID: 5
2024-08-28 22:31:08 [http-nio-8080-exec-6] INFO  c.t.a.controller.CustomerController - Fetching All The Customers
2024-08-28 22:31:08 [http-nio-8080-exec-6] INFO  c.t.app.service.CustomerServiceImpl - Fetching all customers
2024-08-28 22:31:08 [http-nio-8080-exec-8] INFO  c.t.a.controller.CustomerController - Fetching All The Customers
2024-08-28 22:31:08 [http-nio-8080-exec-8] INFO  c.t.app.service.CustomerServiceImpl - Fetching all customers
2024-08-28 22:31:29 [http-nio-8080-exec-4] INFO  c.t.app.controller.BankController - Searching banks with criteria - bankId: null, fullName: , abbreviation: , active: null
2024-08-28 23:18:24 [http-nio-8080-exec-9] INFO  c.t.a.controller.CustomerController - Fetching all active customers with no accounts
2024-08-28 23:18:24 [http-nio-8080-exec-9] INFO  c.t.app.service.CustomerServiceImpl - Fetching all active customers with no accounts
2024-08-28 23:19:30 [http-nio-8080-exec-6] INFO  c.t.a.controller.CustomerController - Fetching all active customers with no accounts
2024-08-28 23:19:30 [http-nio-8080-exec-6] INFO  c.t.app.service.CustomerServiceImpl - Fetching all active customers with no accounts
2024-08-28 23:19:32 [http-nio-8080-exec-7] INFO  c.t.a.controller.CustomerController - Fetching all active customers with no accounts
2024-08-28 23:19:32 [http-nio-8080-exec-7] INFO  c.t.app.service.CustomerServiceImpl - Fetching all active customers with no accounts
2024-08-28 23:19:34 [http-nio-8080-exec-9] INFO  c.t.a.controller.CustomerController - Fetching all active customers with no accounts
2024-08-28 23:19:34 [http-nio-8080-exec-9] INFO  c.t.app.service.CustomerServiceImpl - Fetching all active customers with no accounts
2024-08-28 23:32:09 [http-nio-8080-exec-6] INFO  c.t.a.controller.CustomerController - Fetching customer with ID: 27
2024-08-28 23:32:09 [http-nio-8080-exec-6] INFO  c.t.app.service.CustomerServiceImpl - Fetching customer with ID: 27
2024-08-28 23:32:10 [http-nio-8080-exec-10] INFO  c.t.a.controller.CustomerController - Fetching customer with ID: 27
2024-08-28 23:32:10 [http-nio-8080-exec-10] INFO  c.t.app.service.CustomerServiceImpl - Fetching customer with ID: 27
2024-08-28 23:33:17 [http-nio-8080-exec-4] INFO  c.t.a.controller.CustomerController - Fetching all active customers with no accounts
2024-08-28 23:33:17 [http-nio-8080-exec-4] INFO  c.t.app.service.CustomerServiceImpl - Fetching all active customers with no accounts
2024-08-28 23:33:57 [http-nio-8080-exec-10] INFO  c.t.app.controller.BankController - Searching banks with criteria - bankId: null, fullName: , abbreviation: , active: null
2024-08-28 23:38:29 [http-nio-8080-exec-6] INFO  c.t.app.controller.BankController - Searching banks with criteria - bankId: null, fullName: , abbreviation: , active: null
2024-08-28 23:39:00 [http-nio-8080-exec-9] INFO  c.t.app.controller.BankController - Searching banks with criteria - bankId: null, fullName: , abbreviation: , active: null
2024-08-28 23:40:00 [http-nio-8080-exec-4] INFO  c.t.app.controller.BankController - Activating bank with ID: 2
2024-08-28 23:40:00 [http-nio-8080-exec-4] INFO  c.t.app.service.BankServiceImpl - Activating bank with ID: 2
2024-08-28 23:40:01 [http-nio-8080-exec-4] INFO  c.t.app.service.BankServiceImpl - Bank with ID: 2 activated successfully
2024-08-28 23:40:03 [http-nio-8080-exec-7] INFO  c.t.app.controller.BankController - Deleting bank with ID: 2
2024-08-28 23:40:03 [http-nio-8080-exec-7] INFO  c.t.app.service.BankServiceImpl - Deleting bank with ID: 2
2024-08-28 23:40:03 [http-nio-8080-exec-7] INFO  c.t.app.service.BankServiceImpl - Bank with ID: 2 deleted successfully
2024-08-28 23:40:09 [http-nio-8080-exec-10] INFO  c.t.app.controller.BankController - Searching banks with criteria - bankId: null, fullName: , abbreviation: , active: null
2024-08-28 23:40:10 [http-nio-8080-exec-2] INFO  c.t.app.controller.BankController - Searching banks with criteria - bankId: null, fullName: , abbreviation: , active: null
2024-08-28 23:41:11 [http-nio-8080-exec-4] INFO  c.t.app.controller.BankController - Searching banks with criteria - bankId: null, fullName: , abbreviation: , active: null
2024-08-28 23:41:25 [http-nio-8080-exec-4] INFO  c.t.a.controller.CustomerController - Fetching all active customers with no accounts
2024-08-28 23:41:25 [http-nio-8080-exec-4] INFO  c.t.app.service.CustomerServiceImpl - Fetching all active customers with no accounts
2024-08-28 23:41:44 [http-nio-8080-exec-2] INFO  c.t.app.controller.AuthController - User login with username: soumya@29
2024-08-28 23:41:44 [http-nio-8080-exec-2] INFO  c.t.app.service.AuthServiceImpl - Attempting login for username: soumya@29
2024-08-28 23:41:44 [http-nio-8080-exec-2] INFO  c.t.app.service.AuthServiceImpl - Login successful for username: soumya@29
2024-08-28 23:41:44 [http-nio-8080-exec-7] INFO  c.t.a.controller.CustomerController - Fetching customer with ID: 5
2024-08-28 23:41:44 [http-nio-8080-exec-7] INFO  c.t.app.service.CustomerServiceImpl - Fetching customer with ID: 5
2024-08-28 23:41:44 [http-nio-8080-exec-10] INFO  c.t.a.controller.CustomerController - Fetching customer with ID: 5
2024-08-28 23:41:44 [http-nio-8080-exec-10] INFO  c.t.app.service.CustomerServiceImpl - Fetching customer with ID: 5
2024-08-28 23:41:47 [http-nio-8080-exec-9] INFO  c.t.a.controller.CustomerController - Fetching customer with ID: 5
2024-08-28 23:41:47 [http-nio-8080-exec-9] INFO  c.t.app.service.CustomerServiceImpl - Fetching customer with ID: 5
2024-08-28 23:41:48 [http-nio-8080-exec-3] INFO  c.t.a.controller.CustomerController - Fetching customer with ID: 5
2024-08-28 23:41:48 [http-nio-8080-exec-3] INFO  c.t.app.service.CustomerServiceImpl - Fetching customer with ID: 5
2024-08-28 23:41:49 [http-nio-8080-exec-2] INFO  c.t.a.controller.CustomerController - Fetching customer with ID: 5
2024-08-28 23:41:49 [http-nio-8080-exec-2] INFO  c.t.app.service.CustomerServiceImpl - Fetching customer with ID: 5
2024-08-28 23:41:50 [http-nio-8080-exec-4] INFO  c.t.a.controller.CustomerController - Fetching customer with ID: 5
2024-08-28 23:41:50 [http-nio-8080-exec-4] INFO  c.t.app.service.CustomerServiceImpl - Fetching customer with ID: 5
2024-08-28 23:41:51 [http-nio-8080-exec-6] INFO  c.t.a.controller.CustomerController - Fetching customer with ID: 5
2024-08-28 23:41:51 [http-nio-8080-exec-6] INFO  c.t.app.service.CustomerServiceImpl - Fetching customer with ID: 5
2024-08-28 23:41:51 [http-nio-8080-exec-10] INFO  c.t.a.c.TransactionController - Fetching transactions for user soumya@29 with criteria: accountNumber=null, startDate=null, endDate=null, minAmount=null, maxAmount=null
2024-08-28 23:41:53 [http-nio-8080-exec-3] INFO  c.t.a.controller.CustomerController - Fetching customer with ID: 5
2024-08-28 23:41:53 [http-nio-8080-exec-3] INFO  c.t.app.service.CustomerServiceImpl - Fetching customer with ID: 5
2024-08-28 23:41:53 [http-nio-8080-exec-2] INFO  c.t.a.controller.CustomerController - Fetching customer with ID: 5
2024-08-28 23:41:53 [http-nio-8080-exec-2] INFO  c.t.app.service.CustomerServiceImpl - Fetching customer with ID: 5
2024-08-28 23:50:46 [http-nio-8080-exec-9] INFO  c.t.a.c.TransactionController - Fetching transactions for user soumya@29 with criteria: accountNumber=null, startDate=null, endDate=null, minAmount=null, maxAmount=null
2024-08-28 23:50:46 [http-nio-8080-exec-3] INFO  c.t.a.controller.CustomerController - Fetching customer with ID: 5
2024-08-28 23:50:46 [http-nio-8080-exec-3] INFO  c.t.app.service.CustomerServiceImpl - Fetching customer with ID: 5
2024-08-28 23:50:51 [http-nio-8080-exec-7] INFO  c.t.a.controller.CustomerController - Fetching customer with ID: 5
2024-08-28 23:50:51 [http-nio-8080-exec-7] INFO  c.t.app.service.CustomerServiceImpl - Fetching customer with ID: 5
2024-08-28 23:50:51 [http-nio-8080-exec-5] INFO  c.t.a.controller.CustomerController - Fetching customer with ID: 5
2024-08-28 23:50:51 [http-nio-8080-exec-5] INFO  c.t.app.service.CustomerServiceImpl - Fetching customer with ID: 5
2024-08-28 23:55:02 [http-nio-8080-exec-1] INFO  c.t.a.controller.CustomerController - Fetching customer with ID: 5
2024-08-28 23:55:02 [http-nio-8080-exec-1] INFO  c.t.app.service.CustomerServiceImpl - Fetching customer with ID: 5
2024-08-28 23:55:02 [http-nio-8080-exec-7] INFO  c.t.a.c.TransactionController - Fetching transactions for user soumya@29 with criteria: accountNumber=null, startDate=null, endDate=null, minAmount=null, maxAmount=null
2024-08-28 23:55:03 [http-nio-8080-exec-3] INFO  c.t.a.controller.CustomerController - Fetching customer with ID: 5
2024-08-28 23:55:03 [http-nio-8080-exec-3] INFO  c.t.app.service.CustomerServiceImpl - Fetching customer with ID: 5
2024-08-28 23:55:03 [http-nio-8080-exec-6] INFO  c.t.a.controller.CustomerController - Fetching customer with ID: 5
2024-08-28 23:55:03 [http-nio-8080-exec-6] INFO  c.t.app.service.CustomerServiceImpl - Fetching customer with ID: 5
2024-08-28 23:59:59 [http-nio-8080-exec-8] INFO  c.t.app.controller.AuthController - User login with username: shankar@29
2024-08-28 23:59:59 [http-nio-8080-exec-8] INFO  c.t.app.service.AuthServiceImpl - Attempting login for username: shankar@29
2024-08-28 23:59:59 [http-nio-8080-exec-8] INFO  c.t.app.service.AuthServiceImpl - Login successful for username: shankar@29
